<?xml version="1.0" encoding="UTF-8"?>
<!-- Generated by org.testng.reporters.JUnitXMLReporter -->
<testsuite ignored="7" hostname="TEPL-THN-WS649" failures="3" tests="29" name="Test" time="148.482" errors="0" timestamp="2024-06-13T09:34:17 IST">
  <testcase classname="ProjectList.EditProject" name="editProject" time="12.453"/>
  <testcase classname="ProjectList.AddProject" name="addProject" time="13.509"/>
  <testcase classname="ProjectList.DeleteProject" name="deleteProject" time="8.587"/>
  <testcase classname="Dashboard.ChangePassword" name="changePassword" time="21.221"/>
  <testcase classname="Runs.SingleRunCreation" name="createRun" time="13.874">
    <failure type="java.lang.Exception" message="Invalid match...">
      <![CDATA[java.lang.Exception: Invalid match...
at BaseTest.verificationSignleRunData.verification(verificationSignleRunData.java:81)
at Runs.SingleRunCreation.createRun(SingleRunCreation.java:101)
at java.base/java.util.ArrayList.forEach(ArrayList.java:1596)
... Removed 25 stack frames]]>
    </failure>
  </testcase> <!-- createRun -->
  <testcase classname="Runs.SingleRunCreation" name="deleteRun" time="0.0">
    <skipped/>
  </testcase> <!-- deleteRun -->
  <testcase classname="Runs.ModelList" name="modelListAerco" time="10.504"/>
  <testcase classname="Runs.ModelList" name="modelListCamus" time="6.807"/>
  <testcase classname="Runs.ModelList" name="modelListCleaverBrooks" time="6.853"/>
  <testcase classname="Runs.ModelList" name="modelListFulton" time="6.754"/>
  <testcase classname="Runs.ModelList" name="modelListLaars" time="6.741"/>
  <testcase classname="Runs.ModelList" name="modelListLochinvar" time="3.349">
    <failure type="org.openqa.selenium.ElementClickInterceptedException" message="element click intercepted: Element &amp;lt;li class=&amp;quot;MuiButtonBase-root MuiMenuItem-root MuiMenuItem-gutters MuiMenuItem-root MuiMenuItem-gutters css-1km1ehz&amp;quot; tabindex=&amp;quot;-1&amp;quot; role=&amp;quot;option&amp;quot; aria-selected=&amp;quot;false&amp;quot; data-value=&amp;quot;Lochinvar&amp;quot;&amp;gt;...&amp;lt;/li&amp;gt; is not clickable at point (1098, 485). Other element would receive the click: &amp;lt;li class=&amp;quot;MuiButtonBase-root MuiMenuItem-root MuiMenuItem-gutters MuiMenuItem-root MuiMenuItem-gutters css-1km1ehz&amp;quot; tabindex=&amp;quot;-1&amp;quot; role=&amp;quot;option&amp;quot; aria-selected=&amp;quot;false&amp;quot; data-value=&amp;quot;Laars&amp;quot;&amp;gt;...&amp;lt;/li&amp;gt;
  (Session info: chrome=125.0.6422.142)
Build info: version: &amp;apos;4.21.0&amp;apos;, revision: &amp;apos;79ed462ef4&amp;apos;
System info: os.name: &amp;apos;Windows 10&amp;apos;, os.arch: &amp;apos;amd64&amp;apos;, os.version: &amp;apos;10.0&amp;apos;, java.version: &amp;apos;21.0.2&amp;apos;
Driver info: org.openqa.selenium.chrome.ChromeDriver
Command: [733808b367c70d060f737002f7fb5c79, clickElement {id=f.59227544068DF61CE88A4D080BA03B05.d.7B4BEB45C8D1F74170E76B6EF21998F2.e.1199}]
Capabilities {acceptInsecureCerts: false, browserName: chrome, browserVersion: 125.0.6422.142, chrome: {chromedriverVersion: 125.0.6422.141 (4b1e8393712..., userDataDir: C:\Users\rkolhe\AppData\Loc...}, fedcm:accounts: true, goog:chromeOptions: {debuggerAddress: localhost:55415}, networkConnectionEnabled: false, pageLoadStrategy: normal, platformName: windows, proxy: Proxy(), se:cdp: ws://localhost:55415/devtoo..., se:cdpVersion: 125.0.6422.142, setWindowRect: true, strictFileInteractability: false, timeouts: {implicit: 0, pageLoad: 300000, script: 30000}, unhandledPromptBehavior: dismiss and notify, webauthn:extension:credBlob: true, webauthn:extension:largeBlob: true, webauthn:extension:minPinLength: true, webauthn:extension:prf: true, webauthn:virtualAuthenticators: true}
Element: [[ChromeDriver: chrome on windows (733808b367c70d060f737002f7fb5c79)] -&amp;gt; css selector: .css-1km1ehz]
Session ID: 733808b367c70d060f737002f7fb5c79">
      <![CDATA[org.openqa.selenium.ElementClickInterceptedException: element click intercepted: Element <li class="MuiButtonBase-root MuiMenuItem-root MuiMenuItem-gutters MuiMenuItem-root MuiMenuItem-gutters css-1km1ehz" tabindex="-1" role="option" aria-selected="false" data-value="Lochinvar">...</li> is not clickable at point (1098, 485). Other element would receive the click: <li class="MuiButtonBase-root MuiMenuItem-root MuiMenuItem-gutters MuiMenuItem-root MuiMenuItem-gutters css-1km1ehz" tabindex="-1" role="option" aria-selected="false" data-value="Laars">...</li>
  (Session info: chrome=125.0.6422.142)
Build info: version: '4.21.0', revision: '79ed462ef4'
System info: os.name: 'Windows 10', os.arch: 'amd64', os.version: '10.0', java.version: '21.0.2'
Driver info: org.openqa.selenium.chrome.ChromeDriver
Command: [733808b367c70d060f737002f7fb5c79, clickElement {id=f.59227544068DF61CE88A4D080BA03B05.d.7B4BEB45C8D1F74170E76B6EF21998F2.e.1199}]
Capabilities {acceptInsecureCerts: false, browserName: chrome, browserVersion: 125.0.6422.142, chrome: {chromedriverVersion: 125.0.6422.141 (4b1e8393712..., userDataDir: C:\Users\rkolhe\AppData\Loc...}, fedcm:accounts: true, goog:chromeOptions: {debuggerAddress: localhost:55415}, networkConnectionEnabled: false, pageLoadStrategy: normal, platformName: windows, proxy: Proxy(), se:cdp: ws://localhost:55415/devtoo..., se:cdpVersion: 125.0.6422.142, setWindowRect: true, strictFileInteractability: false, timeouts: {implicit: 0, pageLoad: 300000, script: 30000}, unhandledPromptBehavior: dismiss and notify, webauthn:extension:credBlob: true, webauthn:extension:largeBlob: true, webauthn:extension:minPinLength: true, webauthn:extension:prf: true, webauthn:virtualAuthenticators: true}
Element: [[ChromeDriver: chrome on windows (733808b367c70d060f737002f7fb5c79)] -> css selector: .css-1km1ehz]
Session ID: 733808b367c70d060f737002f7fb5c79
at org.openqa.selenium.remote.ErrorCodec.decode(ErrorCodec.java:167)
at org.openqa.selenium.remote.codec.w3c.W3CHttpResponseCodec.decode(W3CHttpResponseCodec.java:138)
at org.openqa.selenium.remote.codec.w3c.W3CHttpResponseCodec.decode(W3CHttpResponseCodec.java:50)
at org.openqa.selenium.remote.HttpCommandExecutor.execute(HttpCommandExecutor.java:190)
at org.openqa.selenium.remote.service.DriverCommandExecutor.invokeExecute(DriverCommandExecutor.java:216)
at org.openqa.selenium.remote.service.DriverCommandExecutor.execute(DriverCommandExecutor.java:174)
at org.openqa.selenium.remote.RemoteWebDriver.execute(RemoteWebDriver.java:518)
at org.openqa.selenium.remote.RemoteWebElement.execute(RemoteWebElement.java:223)
at org.openqa.selenium.remote.RemoteWebElement.click(RemoteWebElement.java:76)
at Runs.ModelList.modelListLochinvar(ModelList.java:343)
at java.base/java.util.ArrayList.forEach(ArrayList.java:1596)
... Removed 28 stack frames]]>
    </failure>
  </testcase> <!-- modelListLochinvar -->
  <testcase classname="Runs.ModelList" name="modelListPattersonKelley" time="0.0">
    <skipped/>
  </testcase> <!-- modelListPattersonKelley -->
  <testcase classname="Runs.ModelList" name="modelListPVI" time="0.0">
    <skipped/>
  </testcase> <!-- modelListPVI -->
  <testcase classname="Runs.ModelList" name="modelListRBI" time="0.0">
    <skipped/>
  </testcase> <!-- modelListRBI -->
  <testcase classname="Runs.ModelList" name="modelListRiello" time="0.0">
    <skipped/>
  </testcase> <!-- modelListRiello -->
  <testcase classname="Runs.ModelList" name="modelListAdvancedthermalDynamics" time="0.0">
    <skipped/>
  </testcase> <!-- modelListAdvancedthermalDynamics -->
  <testcase classname="Runs.ModelList" name="modelListBryan" time="0.0">
    <skipped/>
  </testcase> <!-- modelListBryan -->
  <testcase classname="Runs.ModelList" name="modelListDeDietrich" time="0.0">
    <skipped/>
  </testcase> <!-- modelListDeDietrich -->
  <testcase classname="Runs.ModelList" name="modelListHurst" time="0.0">
    <skipped/>
  </testcase> <!-- modelListHurst -->
  <testcase classname="Runs.ModelList" name="modelListKohlergenset" time="0.0">
    <skipped/>
  </testcase> <!-- modelListKohlergenset -->
  <testcase classname="Runs.ModelList" name="modelListMiura" time="0.0">
    <skipped/>
  </testcase> <!-- modelListMiura -->
  <testcase classname="Runs.ModelList" name="modelListRaypack" time="0.0">
    <skipped/>
  </testcase> <!-- modelListRaypack -->
  <testcase classname="Runs.ModelList" name="modelListViessmann" time="0.0">
    <skipped/>
  </testcase> <!-- modelListViessmann -->
  <testcase classname="Runs.ModelList" name="modelListWeilMcClain" time="0.0">
    <skipped/>
  </testcase> <!-- modelListWeilMcClain -->
  <testcase classname="Runs.ModelList" name="modelListGenerator" time="0.0">
    <skipped/>
  </testcase> <!-- modelListGenerator -->
  <testcase classname="Dashboard.DashboardFeatures" name="detailsOnDashboard" time="0.281"/>
  <testcase classname="Dashboard.DashboardFeatures" name="featureButton" time="9.418"/>
  <testcase classname="Runs.ManufactureList" name="manufactureLIst" time="10.199">
    <failure type="org.openqa.selenium.NoSuchElementException" message="no such element: Unable to locate element: {&amp;quot;method&amp;quot;:&amp;quot;xpath&amp;quot;,&amp;quot;selector&amp;quot;:&amp;quot;(//img[@aria-label=&amp;quot;Edit&amp;quot;])[1]&amp;quot;}
  (Session info: chrome=125.0.6422.142)
For documentation on this error, please visit: https://www.selenium.dev/documentation/webdriver/troubleshooting/errors#no-such-element-exception
Build info: version: &amp;apos;4.21.0&amp;apos;, revision: &amp;apos;79ed462ef4&amp;apos;
System info: os.name: &amp;apos;Windows 10&amp;apos;, os.arch: &amp;apos;amd64&amp;apos;, os.version: &amp;apos;10.0&amp;apos;, java.version: &amp;apos;21.0.2&amp;apos;
Driver info: org.openqa.selenium.chrome.ChromeDriver
Command: [9a1b4bb577cbd4057200485b1b226fee, findElement {using=xpath, value=(//img[@aria-label=&amp;quot;Edit&amp;quot;])[1]}]
Capabilities {acceptInsecureCerts: false, browserName: chrome, browserVersion: 125.0.6422.142, chrome: {chromedriverVersion: 125.0.6422.141 (4b1e8393712..., userDataDir: C:\Users\rkolhe\AppData\Loc...}, fedcm:accounts: true, goog:chromeOptions: {debuggerAddress: localhost:55502}, networkConnectionEnabled: false, pageLoadStrategy: normal, platformName: windows, proxy: Proxy(), se:cdp: ws://localhost:55502/devtoo..., se:cdpVersion: 125.0.6422.142, setWindowRect: true, strictFileInteractability: false, timeouts: {implicit: 0, pageLoad: 300000, script: 30000}, unhandledPromptBehavior: dismiss and notify, webauthn:extension:credBlob: true, webauthn:extension:largeBlob: true, webauthn:extension:minPinLength: true, webauthn:extension:prf: true, webauthn:virtualAuthenticators: true}
Session ID: 9a1b4bb577cbd4057200485b1b226fee">
      <![CDATA[org.openqa.selenium.NoSuchElementException: no such element: Unable to locate element: {"method":"xpath","selector":"(//img[@aria-label="Edit"])[1]"}
  (Session info: chrome=125.0.6422.142)
For documentation on this error, please visit: https://www.selenium.dev/documentation/webdriver/troubleshooting/errors#no-such-element-exception
Build info: version: '4.21.0', revision: '79ed462ef4'
System info: os.name: 'Windows 10', os.arch: 'amd64', os.version: '10.0', java.version: '21.0.2'
Driver info: org.openqa.selenium.chrome.ChromeDriver
Command: [9a1b4bb577cbd4057200485b1b226fee, findElement {using=xpath, value=(//img[@aria-label="Edit"])[1]}]
Capabilities {acceptInsecureCerts: false, browserName: chrome, browserVersion: 125.0.6422.142, chrome: {chromedriverVersion: 125.0.6422.141 (4b1e8393712..., userDataDir: C:\Users\rkolhe\AppData\Loc...}, fedcm:accounts: true, goog:chromeOptions: {debuggerAddress: localhost:55502}, networkConnectionEnabled: false, pageLoadStrategy: normal, platformName: windows, proxy: Proxy(), se:cdp: ws://localhost:55502/devtoo..., se:cdpVersion: 125.0.6422.142, setWindowRect: true, strictFileInteractability: false, timeouts: {implicit: 0, pageLoad: 300000, script: 30000}, unhandledPromptBehavior: dismiss and notify, webauthn:extension:credBlob: true, webauthn:extension:largeBlob: true, webauthn:extension:minPinLength: true, webauthn:extension:prf: true, webauthn:virtualAuthenticators: true}
Session ID: 9a1b4bb577cbd4057200485b1b226fee
at org.openqa.selenium.remote.ErrorCodec.decode(ErrorCodec.java:167)
at org.openqa.selenium.remote.codec.w3c.W3CHttpResponseCodec.decode(W3CHttpResponseCodec.java:138)
at org.openqa.selenium.remote.codec.w3c.W3CHttpResponseCodec.decode(W3CHttpResponseCodec.java:50)
at org.openqa.selenium.remote.HttpCommandExecutor.execute(HttpCommandExecutor.java:190)
at org.openqa.selenium.remote.service.DriverCommandExecutor.invokeExecute(DriverCommandExecutor.java:216)
at org.openqa.selenium.remote.service.DriverCommandExecutor.execute(DriverCommandExecutor.java:174)
at org.openqa.selenium.remote.RemoteWebDriver.execute(RemoteWebDriver.java:518)
at org.openqa.selenium.remote.ElementLocation$ElementFinder$2.findElement(ElementLocation.java:165)
at org.openqa.selenium.remote.ElementLocation.findElement(ElementLocation.java:59)
at org.openqa.selenium.remote.RemoteWebDriver.findElement(RemoteWebDriver.java:355)
at org.openqa.selenium.remote.RemoteWebDriver.findElement(RemoteWebDriver.java:349)
at Runs.ManufactureList.manufactureLIst(ManufactureList.java:48)
at java.base/java.util.ArrayList.forEach(ArrayList.java:1596)
... Removed 28 stack frames]]>
    </failure>
  </testcase> <!-- manufactureLIst -->
  <testcase classname="BaseTest.BaseTest" name="@BeforeSuite setAllureEnvironment" time="0.0">
    <ignored/>
  </testcase> <!-- @BeforeSuite setAllureEnvironment -->
  <testcase classname="BaseTest.BaseTest" name="@BeforeSuite setAllureEnvironment" time="0.0">
    <ignored/>
  </testcase> <!-- @BeforeSuite setAllureEnvironment -->
  <testcase classname="BaseTest.BaseTest" name="@BeforeSuite setAllureEnvironment" time="0.0">
    <ignored/>
  </testcase> <!-- @BeforeSuite setAllureEnvironment -->
  <testcase classname="BaseTest.BaseTest" name="@BeforeSuite setAllureEnvironment" time="0.0">
    <ignored/>
  </testcase> <!-- @BeforeSuite setAllureEnvironment -->
  <testcase classname="BaseTest.BaseTest" name="@BeforeSuite setAllureEnvironment" time="0.0">
    <ignored/>
  </testcase> <!-- @BeforeSuite setAllureEnvironment -->
  <testcase classname="BaseTest.BaseTest" name="@BeforeSuite setAllureEnvironment" time="0.0">
    <ignored/>
  </testcase> <!-- @BeforeSuite setAllureEnvironment -->
  <testcase classname="BaseTest.BaseTest" name="@BeforeSuite setAllureEnvironment" time="0.0">
    <ignored/>
  </testcase> <!-- @BeforeSuite setAllureEnvironment -->
</testsuite> <!-- Test -->
