<?xml version="1.0" encoding="UTF-8"?>
<!-- Generated by org.testng.reporters.JUnitReportReporter -->
<testsuite hostname="TEPL-THN-WS649" failures="0" tests="2" name="Dashboard.DashboardFeatures" time="9.623" errors="0" timestamp="2024-11-25T12:25:15 IST" skipped="0">
  <testcase classname="Dashboard.DashboardFeatures" name="detailsOnDashboard" time="0.265"/>
  <system-out/>
  <testcase classname="Dashboard.DashboardFeatures" name="featureButton" time="9.358"/>
  <system-out/>
</testsuite> <!-- Dashboard.DashboardFeatures -->
